<?xml version="1.0" encoding="UTF-8"?>
<testsuite xmlns:xsi="http://www.w3.org/2001/XMLSchema-instance" xsi:noNamespaceSchemaLocation="https://maven.apache.org/surefire/maven-surefire-plugin/xsd/surefire-test-report.xsd" version="3.0.2" name="com.coinquyteam.authApplication.Repository.IUserRepositoryTest" time="0.355" tests="8" errors="0" skipped="0" failures="0">
  <properties>
[...]
</properties>
  <testcase name="shouldFindUserByUsername" classname="com.coinquyteam.authApplication.Repository.IUserRepositoryTest" time="0.313"/>
  <testcase name="testFindUserByIdUser" classname="com.coinquyteam.authApplication.Repository.IUserRepositoryTest" time="0.004"/>
  <testcase name="testReturnNullWhenUserNotFoundByUsername" classname="com.coinquyteam.authApplication.Repository.IUserRepositoryTest" time="0.005"/>
  <testcase name="testSetHouseUserForUsername" classname="com.coinquyteam.authApplication.Repository.IUserRepositoryTest" time="0.004"/>
  <testcase name="testFindUsersByHouseId" classname="com.coinquyteam.authApplication.Repository.IUserRepositoryTest" time="0.004"/>
  <testcase name="testFindUserByEmail" classname="com.coinquyteam.authApplication.Repository.IUserRepositoryTest" time="0.006"/>
  <testcase name="testFindUserByHouseUser" classname="com.coinquyteam.authApplication.Repository.IUserRepositoryTest" time="0.003"/>
  <testcase name="testReturnNullWhenUserNotFoundByEmail" classname="com.coinquyteam.authApplication.Repository.IUserRepositoryTest" time="0.003"/>
</testsuite>